Hmm ... looks like a package
Converting parsed Rd's to LaTeX ...
Creating pdf output from LaTeX ...
Error in texi2dvi(file = file, pdf = TRUE, clean = clean, quiet = quiet,  : 
  Running 'texi2dvi' on 'Rd2.tex' failed.
Messages:
/opt/R/arm64/bin/texi2dvi: makeindex failed
Output:
This is pdfTeX, Version 3.141592653-2.6-1.40.28 (TeX Live 2025) (preloaded format=pdflatex)
 restricted \write18 enabled.
entering extended mode
LaTeX2e <2025-11-01>
L3 programming layer <2025-12-29>
(./Rd2.tex
(/Users/liuyue/Library/TinyTeX/texmf-dist/tex/latex/base/book.cls
Document Class: book 2025/01/22 v1.4n Standard LaTeX document class
(/Users/liuyue/Library/TinyTeX/texmf-dist/tex/latex/base/bk10.clo)) (/Library/Frameworks/R.framework/Resources/share/texmf/tex/latex/Rd.sty (/Users/liuyue/Library/TinyTeX/texmf-dist/tex/latex/base/ifthen.sty) (/Users/liuyue/Library/TinyTeX/texmf-dist/tex/generic/iftex/iftex.sty) (/Users/liuyue/Library/TinyTeX/texmf-dist/tex/latex/tools/longtable.sty) (/Users/liuyue/Library/TinyTeX/texmf-dist/tex/latex/tools/bm.sty) (/Users/liuyue/Library/TinyTeX/texmf-dist/tex/latex/base/alltt.sty) (/Users/liuyue/Library/TinyTeX/texmf-dist/tex/latex/tools/verbatim.sty) (/Users/liuyue/Library/TinyTeX/texmf-dist/tex/latex/url/url.sty) (/Users/liuyue/Library/TinyTeX/texmf-dist/tex/latex/base/textcomp.sty) (/Users/liuyue/Library/TinyTeX/texmf-dist/tex/latex/amsmath/amsmath.sty
For additional information on amsmath, use the `?' option.
(/Users/liuyue/Library/TinyTeX/texmf-dist/tex/latex/amsmath/amstext.sty (/Users/liuyue/Library/TinyTeX/texmf-dist/tex/latex/amsmath/amsgen.sty)) (/Users/liuyue/Library/TinyTeX/texmf-dist/tex/latex/amsmath/amsbsy.sty) (/Users/liuyue/Library/TinyTeX/texmf-dist/tex/latex/amsmath/amsopn.sty)) (/Users/liuyue/Library/TinyTeX/texmf-dist/tex/latex/amsfonts/amsfonts.sty) (/Users/liuyue/Library/TinyTeX/texmf-dist/tex/latex/amsfonts/amssymb.sty) (/Users/liuyue/Library/TinyTeX/texmf-dist/tex/latex/amsfonts/eucal.sty) (/Users/liuyue/Library/TinyTeX/texmf-dist/tex/latex/base/fontenc.sty) (/Users/liuyue/Library/TinyTeX/texmf-dist/tex/latex/psnfss/times.sty) (/Users/liuyue/Library/TinyTeX/texmf-dist/tex/latex/inconsolata/zi4.sty `inconsolata-zi4' v1.12, 2019/05/17 Text macros for Inconsolata (msharpe) (/Users/liuyue/Library/TinyTeX/texmf-dist/tex/latex/xkeyval/xkeyval.sty (/Users/liuyue/Library/TinyTeX/texmf-dist/tex/generic/xkeyval/xkeyval.tex (/Users/liuyue/Library/TinyTeX/texmf-dist/tex/generic/xkeyval/xkvutils.tex (/Users/liuyue/Library/TinyTeX/texmf-dist/tex/generic/xkeyval/keyval.tex))))) (/Users/liuyue/Library/TinyTeX/texmf-dist/tex/latex/graphics/color.sty (/Users/liuyue/Library/TinyTeX/texmf-dist/tex/latex/graphics-cfg/color.cfg) (/Users/liuyue/Library/TinyTeX/texmf-dist/tex/latex/graphics-def/pdftex.def) (/Users/liuyue/Library/TinyTeX/texmf-dist/tex/latex/graphics/mathcolor.ltx)) (/Users/liuyue/Library/TinyTeX/texmf-dist/tex/latex/hyperref/hyperref.sty (/Users/liuyue/Library/TinyTeX/texmf-dist/tex/latex/kvsetkeys/kvsetkeys.sty) (/Users/liuyue/Library/TinyTeX/texmf-dist/tex/generic/kvdefinekeys/kvdefinekeys.sty) (/Users/liuyue/Library/TinyTeX/texmf-dist/tex/generic/pdfescape/pdfescape.sty (/Users/liuyue/Library/TinyTeX/texmf-dist/tex/generic/ltxcmds/ltxcmds.sty) (/Users/liuyue/Library/TinyTeX/texmf-dist/tex/generic/pdftexcmds/pdftexcmds.sty (/Users/liuyue/Library/TinyTeX/texmf-dist/tex/generic/infwarerr/infwarerr.sty))) (/Users/liuyue/Library/TinyTeX/texmf-dist/tex/latex/hycolor/hycolor.sty) (/Users/liuyue/Library/TinyTeX/texmf-dist/tex/latex/hyperref/nameref.sty (/Users/liuyue/Library/TinyTeX/texmf-dist/tex/latex/refcount/refcount.sty) (/Users/liuyue/Library/TinyTeX/texmf-dist/tex/generic/gettitlestring/gettitlestring.sty (/Users/liuyue/Library/TinyTeX/texmf-dist/tex/latex/kvoptions/kvoptions.sty))) (/Users/liuyue/Library/TinyTeX/texmf-dist/tex/latex/etoolbox/etoolbox.sty) (/Users/liuyue/Library/TinyTeX/texmf-dist/tex/generic/stringenc/stringenc.sty) (/Users/liuyue/Library/TinyTeX/texmf-dist/tex/latex/hyperref/pd1enc.def) (/Users/liuyue/Library/TinyTeX/texmf-dist/tex/generic/intcalc/intcalc.sty) (/Users/liuyue/Library/TinyTeX/texmf-dist/tex/latex/hyperref/puenc.def) (/Users/liuyue/Library/TinyTeX/texmf-dist/tex/generic/bitset/bitset.sty (/Users/liuyue/Library/TinyTeX/texmf-dist/tex/generic/bigintcalc/bigintcalc.sty))) (/Users/liuyue/Library/TinyTeX/texmf-dist/tex/latex/hyperref/hpdftex.def (/Users/liuyue/Library/TinyTeX/texmf-dist/tex/latex/rerunfilecheck/rerunfilecheck.sty (/Users/liuyue/Library/TinyTeX/texmf-dist/tex/generic/uniquecounter/uniquecounter.sty)))) (/Users/liuyue/Library/TinyTeX/texmf-dist/tex/latex/base/makeidx.sty)
Writing index file Rd2.idx
(/Users/liuyue/Library/TinyTeX/texmf-dist/tex/latex/psnfss/t1ptm.fd) (/Users/liuyue/Library/TinyTeX/texmf-dist/tex/latex/l3backend/l3backend-pdftex.def) (/private/var/folders/2t/y0qcl9r50cv427189l7px1000000gn/T/RtmpAxrnJ8/Rd2pdfe7e57a6adcc/Rd2.aux) (/private/var/folders/2t/y0qcl9r50cv427189l7px1000000gn/T/RtmpAxrnJ8/Rd2pdfe7e57a6adcc/Rd2.out) (/private/var/folders/2t/y0qcl9r50cv427189l7px1000000gn/T/RtmpAxrnJ8/Rd2pdfe7e57a6adcc/Rd2.out) (/Users/liuyue/Library/TinyTeX/texmf-dist/tex/latex/inconsolata/t1zi4.fd) (/private/var/folders/2t/y0qcl9r50cv427189l7px1000000gn/T/RtmpAxrnJ8/Rd2pdfe7e57a6adcc/Rd2.toc (/Users/liuyue/Library/TinyTeX/texmf-dist/tex/latex/amsfonts/umsa.fd) (/Users/liuyue/Library/TinyTeX/texmf-dist/tex/latex/amsfonts/umsb.fd) [1{/Users/liuyue/Library/TinyTeX/texmf-var/fonts/map/pdftex/updmap/pdftex.map}{/Users/liuyue/Library/TinyTeX/texmf-dist/fonts/enc/dvips/base/8r.enc}{/Users/liuyue/Library/TinyTeX/texmf-dist/fonts/enc/dvips/inconsolata/i4-t1-0.enc}])

Package hyperref Warning: Glyph not defined in PU encoding,
(hyperref)                removing `\Rpercent' on input line 39.


Package hyperref Warning: Glyph not defined in PU encoding,
(hyperref)                removing `\Rpercent' on input line 39.

[2]
Overfull \hbox (1.33818pt too wide) in paragraph at lines 90--91
[]\T1/ptm/m/n/10 Optional named char-ac-ter vec-tor map-ping GFF3 gene IDs to IDs in `data$genes`. 
[3] [4] [5] [6]
Overfull \hbox (3.14677pt too wide) in paragraph at lines 321--323
[]\T1/ptm/m/n/10 Character Path to the out-put FASTA file that will store the rep-re-sen-ta-tive (longest)
[7] [8] [9] [10] [11] [12] [13] [14] [15] [16] [17] [18] [19] [20] [21]
No file Rd2.ind.
[22] (/private/var/folders/2t/y0qcl9r50cv427189l7px1000000gn/T/RtmpAxrnJ8/Rd2pdfe7e57a6adcc/Rd2.aux) )
(see the transcript file for additional information)</Users/liuyue/Library/TinyTeX/texmf-dist/fonts/type1/public/inconsolata/Inconsolata-zi4r.pfb></Users/liuyue/Library/TinyTeX/texmf-dist/fonts/type1/urw/times/utmb8a.pfb></Users/liuyue/Library/TinyTeX/texmf-dist/fonts/type1/urw/times/utmr8a.pfb></Users/liuyue/Library/TinyTeX/texmf-dist/fonts/type1/urw/times/utmr8a.pfb></Users/liuyue/Library/TinyTeX/texmf-dist/fonts/type1/urw/times/utmri8a.pfb>
Output written on Rd2.pdf (22 pages, 114498 bytes).
Transcript written on Rd2.log.
/opt/R/arm64/bin/texi2dvi: line 366: makeindex: command not found

This is pdfTeX, Version 3.141592653-2.6-1.40.28 (TeX Live 2025) (preloaded format=pdflatex)
 restricted \write18 enabled.
entering extended mode
LaTeX2e <2025-11-01>
L3 programming layer <2025-12-29>
(./Rd2.tex
(/Users/liuyue/Library/TinyTeX/texmf-dist/tex/latex/base/book.cls
Document Class: book 2025/01/22 v1.4n Standard LaTeX document class
(/Users/liuyue/Library/TinyTeX/texmf-dist/tex/latex/base/bk10.clo)) (/Library/Frameworks/R.framework/Resources/share/texmf/tex/latex/Rd.sty (/Users/liuyue/Library/TinyTeX/texmf-dist/tex/latex/base/ifthen.sty) (/Users/liuyue/Library/TinyTeX/texmf-dist/tex/generic/iftex/iftex.sty) (/Users/liuyue/Library/TinyTeX/texmf-dist/tex/latex/tools/longtable.sty) (/Users/liuyue/Library/TinyTeX/texmf-dist/tex/latex/tools/bm.sty) (/Users/liuyue/Library/TinyTeX/texmf-dist/tex/latex/base/alltt.sty) (/Users/liuyue/Library/TinyTeX/texmf-dist/tex/latex/tools/verbatim.sty) (/Users/liuyue/Library/TinyTeX/texmf-dist/tex/latex/url/url.sty) (/Users/liuyue/Library/TinyTeX/texmf-dist/tex/latex/base/textcomp.sty) (/Users/liuyue/Library/TinyTeX/texmf-dist/tex/latex/amsmath/amsmath.sty
For additional information on amsmath, use the `?' option.
(/Users/liuyue/Library/TinyTeX/texmf-dist/tex/latex/amsmath/amstext.sty (/Users/liuyue/Library/TinyTeX/texmf-dist/tex/latex/amsmath/amsgen.sty)) (/Users/liuyue/Library/TinyTeX/texmf-dist/tex/latex/amsmath/amsbsy.sty) (/Users/liuyue/Library/TinyTeX/texmf-dist/tex/latex/amsmath/amsopn.sty)) (/Users/liuyue/Library/TinyTeX/texmf-dist/tex/latex/amsfonts/amsfonts.sty) (/Users/liuyue/Library/TinyTeX/texmf-dist/tex/latex/amsfonts/amssymb.sty) (/Users/liuyue/Library/TinyTeX/texmf-dist/tex/latex/amsfonts/eucal.sty) (/Users/liuyue/Library/TinyTeX/texmf-dist/tex/latex/base/fontenc.sty) (/Users/liuyue/Library/TinyTeX/texmf-dist/tex/latex/psnfss/times.sty) (/Users/liuyue/Library/TinyTeX/texmf-dist/tex/latex/inconsolata/zi4.sty `inconsolata-zi4' v1.12, 2019/05/17 Text macros for Inconsolata (msharpe) (/Users/liuyue/Library/TinyTeX/texmf-dist/tex/latex/xkeyval/xkeyval.sty (/Users/liuyue/Library/TinyTeX/texmf-dist/tex/generic/xkeyval/xkeyval.tex (/Users/liuyue/Library/TinyTeX/texmf-dist/tex/generic/xkeyval/xkvutils.tex (/Users/liuyue/Library/TinyTeX/texmf-dist/tex/generic/xkeyval/keyval.tex))))) (/Users/liuyue/Library/TinyTeX/texmf-dist/tex/latex/graphics/color.sty (/Users/liuyue/Library/TinyTeX/texmf-dist/tex/latex/graphics-cfg/color.cfg) (/Users/liuyue/Library/TinyTeX/texmf-dist/tex/latex/graphics-def/pdftex.def) (/Users/liuyue/Library/TinyTeX/texmf-dist/tex/latex/graphics/mathcolor.ltx)) (/Users/liuyue/Library/TinyTeX/texmf-dist/tex/latex/hyperref/hyperref.sty (/Users/liuyue/Library/TinyTeX/texmf-dist/tex/latex/kvsetkeys/kvsetkeys.sty) (/Users/liuyue/Library/TinyTeX/texmf-dist/tex/generic/kvdefinekeys/kvdefinekeys.sty) (/Users/liuyue/Library/TinyTeX/texmf-dist/tex/generic/pdfescape/pdfescape.sty (/Users/liuyue/Library/TinyTeX/texmf-dist/tex/generic/ltxcmds/ltxcmds.sty) (/Users/liuyue/Library/TinyTeX/texmf-dist/tex/generic/pdftexcmds/pdftexcmds.sty (/Users/liuyue/Library/TinyTeX/texmf-dist/tex/generic/infwarerr/infwarerr.sty))) (/Users/liuyue/Library/TinyTeX/texmf-dist/tex/latex/hycolor/hycolor.sty) (/Users/liuyue/Library/TinyTeX/texmf-dist/tex/latex/hyperref/nameref.sty (/Users/liuyue/Library/TinyTeX/texmf-dist/tex/latex/refcount/refcount.sty) (/Users/liuyue/Library/TinyTeX/texmf-dist/tex/generic/gettitlestring/gettitlestring.sty (/Users/liuyue/Library/TinyTeX/texmf-dist/tex/latex/kvoptions/kvoptions.sty))) (/Users/liuyue/Library/TinyTeX/texmf-dist/tex/latex/etoolbox/etoolbox.sty) (/Users/liuyue/Library/TinyTeX/texmf-dist/tex/generic/stringenc/stringenc.sty) (/Users/liuyue/Library/TinyTeX/texmf-dist/tex/latex/hyperref/pd1enc.def) (/Users/liuyue/Library/TinyTeX/texmf-dist/tex/generic/intcalc/intcalc.sty) (/Users/liuyue/Library/TinyTeX/texmf-dist/tex/latex/hyperref/puenc.def) (/Users/liuyue/Library/TinyTeX/texmf-dist/tex/generic/bitset/bitset.sty (/Users/liuyue/Library/TinyTeX/texmf-dist/tex/generic/bigintcalc/bigintcalc.sty))) (/Users/liuyue/Library/TinyTeX/texmf-dist/tex/latex/hyperref/hpdftex.def (/Users/liuyue/Library/TinyTeX/texmf-dist/tex/latex/rerunfilecheck/rerunfilecheck.sty (/Users/liuyue/Library/TinyTeX/texmf-dist/tex/generic/uniquecounter/uniquecounter.sty)))) (/Users/liuyue/Library/TinyTeX/texmf-dist/tex/latex/base/makeidx.sty)
Writing index file Rd2.idx
(/Users/liuyue/Library/TinyTeX/texmf-dist/tex/latex/psnfss/t1ptm.fd) (/Users/liuyue/Library/TinyTeX/texmf-dist/tex/latex/l3backend/l3backend-pdftex.def) (/private/var/folders/2t/y0qcl9r50cv427189l7px1000000gn/T/RtmpAxrnJ8/Rd2pdfe7e57a6adcc/Rd2.aux) (/private/var/folders/2t/y0qcl9r50cv427189l7px1000000gn/T/RtmpAxrnJ8/Rd2pdfe7e57a6adcc/Rd2.out) (/private/var/folders/2t/y0qcl9r50cv427189l7px1000000gn/T/RtmpAxrnJ8/Rd2pdfe7e57a6adcc/Rd2.out) (/Users/liuyue/Library/TinyTeX/texmf-dist/tex/latex/inconsolata/t1zi4.fd) (/private/var/folders/2t/y0qcl9r50cv427189l7px1000000gn/T/RtmpAxrnJ8/Rd2pdfe7e57a6adcc/Rd2.toc (/Users/liuyue/Library/TinyTeX/texmf-dist/tex/latex/amsfonts/umsa.fd) (/Users/liuyue/Library/TinyTeX/texmf-dist/tex/latex/amsfonts/umsb.fd) [1{/Users/liuyue/Library/TinyTeX/texmf-var/fonts/map/pdftex/updmap/pdftex.map}{/Users/liuyue/Library/TinyTeX/texmf-dist/fonts/enc/dvips/base/8r.enc}{/Users/liuyue/Library/TinyTeX/texmf-dist/fonts/enc/dvips/inconsolata/i4-t1-0.enc}])

Package hyperref Warning: Glyph not defined in PU encoding,
(hyperref)                removing `\Rpercent' on input line 39.


Package hyperref Warning: Glyph not defined in PU encoding,
(hyperref)                removing `\Rpercent' on input line 39.

[2]
Overfull \hbox (1.33818pt too wide) in paragraph at lines 90--91
[]\T1/ptm/m/n/10 Optional named char-ac-ter vec-tor map-ping GFF3 gene IDs to IDs in `data$genes`. 
[3] [4] [5] [6]
Overfull \hbox (3.14677pt too wide) in paragraph at lines 321--323
[]\T1/ptm/m/n/10 Character Path to the out-put FASTA file that will store the rep-re-sen-ta-tive (longest)
[7] [8] [9] [10] [11] [12] [13] [14] [15] [16] [17] [18] [19] [20] [21]
No file Rd2.ind.
[22] (/private/var/folders/2t/y0qcl9r50cv427189l7px1000000gn/T/RtmpAxrnJ8/Rd2pdfe7e57a6adcc/Rd2.aux) )
(see the transcript file for additional information)</Users/liuyue/Library/TinyTeX/texmf-dist/fonts/type1/public/inconsolata/Inconsolata-zi4r.pfb></Users/liuyue/Library/TinyTeX/texmf-dist/fonts/type1/urw/times/utmb8a.pfb></Users/liuyue/Library/TinyTeX/texmf-dist/fonts/type1/urw/times/utmr8a.pfb></Users/liuyue/Library/TinyTeX/texmf-dist/fonts/type1/urw/times/utmr8a.pfb></Users/liuyue/Library/TinyTeX/texmf-dist/fonts/type1/urw/times/utmri8a.pfb>
Output written on Rd2.pdf (22 pages, 114517 bytes).
Transcript written on Rd2.log.
Saving output to ‘ggSynteny-manual.pdf’ ...
Done
You may want to clean up by 'rm -Rf /var/folders/2t/y0qcl9r50cv427189l7px1000000gn/T//RtmpAxrnJ8/Rd2pdfe7e57a6adcc'
